<?xml version="1.0" encoding="UTF-8"?>
<!-- Generated by org.testng.reporters.JUnitXMLReporter -->
<testsuite hostname="BALAJI-PC" ignored="0" name="FlipkartTest" tests="21" failures="0" timestamp="2020-05-16T08:20:38 IST" time="0.265" errors="0">
  <testcase name="zsetup" time="0.0" classname="com.testng.concepts.PriorityTest"/>
  <testcase name="browserClose" time="0.016" classname="com.testng.concepts.PriorityTest"/>
  <testcase name="browserLaunch" time="0.0" classname="com.testng.concepts.PriorityTest"/>
  <testcase name="enterUrl" time="0.0" classname="com.testng.concepts.PriorityTest"/>
  <testcase name="logOut" time="0.0" classname="com.testng.concepts.PriorityTest"/>
  <testcase name="signIn" time="0.0" classname="com.testng.concepts.PriorityTest"/>
  <testcase name="mobileSearch" time="0.016" classname="com.testng.concepts.PriorityTest"/>
  <testcase name="verifyHomepage" time="0.0" classname="com.testng.concepts.PriorityTest"/>
  <testcase name="deleteCookies" time="0.016" classname="com.testng.concepts.PriorityTest"/>
  <testcase name="browserLaunch" time="0.0" classname="com.testng.concepts.InvocationTest"/>
  <testcase name="browserLaunch" time="0.0" classname="com.testng.concepts.InvocationTest"/>
  <testcase name="browserLaunch" time="0.0" classname="com.testng.concepts.InvocationTest"/>
  <testcase name="browserLaunch" time="0.0" classname="com.testng.concepts.InvocationTest"/>
  <testcase name="browserLaunch" time="0.015" classname="com.testng.concepts.InvocationTest"/>
  <testcase name="enterUrl" time="0.0" classname="com.testng.concepts.InvocationTest"/>
  <testcase name="mobileSearch" time="0.0" classname="com.testng.concepts.InvocationTest"/>
  <testcase name="signIn" time="0.0" classname="com.testng.concepts.InvocationTest"/>
  <testcase name="signIn" time="0.0" classname="com.testng.concepts.InvocationTest"/>
  <testcase name="signIn" time="0.0" classname="com.testng.concepts.InvocationTest"/>
  <testcase name="signIn" time="0.031" classname="com.testng.concepts.InvocationTest"/>
  <testcase name="signIn" time="0.0" classname="com.testng.concepts.InvocationTest"/>
</testsuite> <!-- FlipkartTest -->
